2023-03-02 09:25:32,608 - __main__ - ERROR - An error occurred while scraping weather information
2023-03-02 09:25:32,611 - __main__ - ERROR - Traceback (most recent call last):
  File "/Users/winnieimafidon/Documents/software-engineering/bike_rental_project/COM30830-SE/webScraper/scheduling_weatherData.py", line 33, in <module>
    weather_forcast_data.store_weatherInformation(weather_data)
TypeError: store_weatherInformation() takes 0 positional arguments but 1 was given

2023-03-02 09:26:53,458 - __main__ - INFO - Weather information scraped successfully
2023-03-02 11:14:36,986 - __main__ - INFO - Weather information scraped successfully
2023-03-02 12:10:54,000 - __main__ - INFO - Weather information scraped successfully
2023-03-02 17:12:07,222 - __main__ - INFO - Weather information scraped successfully
2023-03-02 22:11:29,440 - __main__ - INFO - Weather information scraped successfully
2023-03-02 22:23:19,034 - __main__ - INFO - Weather information scraped successfully
2023-03-02 23:29:04,832 - __main__ - INFO - Weather information scraped successfully
2023-03-03 07:18:44,462 - __main__ - INFO - Weather information scraped successfully
2023-03-03 07:29:51,061 - __main__ - INFO - Weather information scraped successfully
2023-03-03 07:52:26,831 - __main__ - INFO - Scraper update 1 rows.
2023-03-03 07:52:26,833 - __main__ - INFO - Weather information scraped successfully
2023-03-03 09:45:54,952 - __main__ - INFO - Weather information scraped successfully
2023-03-03 11:19:10,465 - __main__ - INFO - Scraper update 1 rows.
2023-03-03 11:19:10,467 - __main__ - INFO - Weather information scraped successfully
2023-03-03 11:54:35,741 - __main__ - INFO - Scraper update 1 rows.
2023-03-03 11:54:35,742 - __main__ - INFO - Weather information scraped successfully
2023-03-03 11:55:05,174 - __main__ - INFO - Scraper update 1 rows.
2023-03-03 11:55:05,176 - __main__ - INFO - Weather information scraped successfully
